<?xml version="1.0" encoding="UTF-8"?>
<!-- Generated by org.testng.reporters.JUnitReportReporter -->
<testsuite hostname="INBGQT-LT-0111" name="testcases.VerifyLoginPageWithReport" tests="1" failures="0" timestamp="27 Feb 2017 06:59:59 GMT" time="236.215" errors="0">
  <testcase name="testHomepage" time="236.215" classname="testcases.VerifyLoginPageWithReport"/>
</testsuite> <!-- testcases.VerifyLoginPageWithReport -->
