<?xml version="1.0" encoding="UTF-8"?>
<!-- Generated by org.testng.reporters.JUnitReportReporter -->
<testsuite hostname="INBGQT-LT-0111" name="testcases.VerifyLoginPage" tests="1" failures="0" timestamp="24 Feb 2017 11:06:50 GMT" time="410.785" errors="0">
  <testcase name="testHomepage" time="410.785" classname="testcases.VerifyLoginPage"/>
</testsuite> <!-- testcases.VerifyLoginPage -->
